This file contains any messages produced by compilers while
running configure, to aid debugging if configure makes a mistake.

It was created by libgpg-error configure 1.21, which was
generated by GNU Autoconf 2.69.  Invocation command line was

  $ ./configure --prefix=/cdc/home/cklos/gpg_lattice_extension/gpg2lattice

## --------- ##
## Platform. ##
## --------- ##

hostname = latticebench
uname -m = x86_64
uname -r = 3.16.0-4-amd64
uname -s = Linux
uname -v = #1 SMP Debian 3.16.7-ckt11-1 (2015-05-24)

/usr/bin/uname -p = unknown
/bin/uname -X     = unknown

/bin/arch              = unknown
/usr/bin/arch -k       = unknown
/usr/convex/getsysinfo = unknown
/usr/bin/hostinfo      = unknown
/bin/machine           = unknown
/usr/bin/oslevel       = unknown
/bin/universe          = unknown

PATH: /usr/local/bin
PATH: /usr/bin
PATH: /bin
PATH: /usr/local/games
PATH: /usr/games


## ----------- ##
## Core tests. ##
## ----------- ##

configure:2647: checking for a BSD-compatible install
configure:2715: result: /usr/bin/install -c
configure:2726: checking whether build environment is sane
configure:2781: result: yes
configure:2932: checking for a thread-safe mkdir -p
configure:2971: result: /bin/mkdir -p
configure:2978: checking for gawk
configure:3008: result: no
configure:2978: checking for mawk
configure:2994: found /usr/bin/mawk
configure:3005: result: mawk
configure:3016: checking whether make sets $(MAKE)
configure:3038: result: yes
configure:3067: checking whether make supports nested variables
configure:3084: result: yes
configure:3211: checking whether to enable maintainer-specific portions of Makefiles
configure:3220: result: no
configure:3248: checking whether make supports nested variables
configure:3265: result: yes
configure:3283: checking build system type
configure:3297: result: x86_64-unknown-linux-gnu
configure:3317: checking host system type
configure:3330: result: x86_64-unknown-linux-gnu
configure:3354: autobuild project... libgpg-error
configure:3356: autobuild revision... 1.21
configure:3360: autobuild hostname... latticebench
configure:3369: autobuild timestamp... 20160128-054815
configure:3423: checking for gcc
configure:3439: found /usr/bin/gcc
configure:3450: result: gcc
configure:3679: checking for C compiler version
configure:3688: gcc --version >&5
gcc (Debian 4.9.2-10) 4.9.2
Copyright (C) 2014 Free Software Foundation, Inc.
This is free software; see the source for copying conditions.  There is NO
warranty; not even for MERCHANTABILITY or FITNESS FOR A PARTICULAR PURPOSE.

configure:3699: $? = 0
configure:3688: gcc -v >&5
Using built-in specs.
COLLECT_GCC=gcc
COLLECT_LTO_WRAPPER=/usr/lib/gcc/x86_64-linux-gnu/4.9/lto-wrapper
Target: x86_64-linux-gnu
Configured with: ../src/configure -v --with-pkgversion='Debian 4.9.2-10' --with-bugurl=file:///usr/share/doc/gcc-4.9/README.Bugs --enable-languages=c,c++,java,go,d,fortran,objc,obj-c++ --prefix=/usr --program-suffix=-4.9 --enable-shared --enable-linker-build-id --libexecdir=/usr/lib --without-included-gettext --enable-threads=posix --with-gxx-include-dir=/usr/include/c++/4.9 --libdir=/usr/lib --enable-nls --with-sysroot=/ --enable-clocale=gnu --enable-libstdcxx-debug --enable-libstdcxx-time=yes --enable-gnu-unique-object --disable-vtable-verify --enable-plugin --with-system-zlib --disable-browser-plugin --enable-java-awt=gtk --enable-gtk-cairo --with-java-home=/usr/lib/jvm/java-1.5.0-gcj-4.9-amd64/jre --enable-java-home --with-jvm-root-dir=/usr/lib/jvm/java-1.5.0-gcj-4.9-amd64 --with-jvm-jar-dir=/usr/lib/jvm-exports/java-1.5.0-gcj-4.9-amd64 --with-arch-directory=amd64 --with-ecj-jar=/usr/share/java/eclipse-ecj.jar --enable-objc-gc --enable-multiarch --with-arch-32=i586 --with-abi=m64 --with-multilib-list=m32,m64,mx32 --enable-multilib --with-tune=generic --enable-checking=release --build=x86_64-linux-gnu --host=x86_64-linux-gnu --target=x86_64-linux-gnu
Thread model: posix
gcc version 4.9.2 (Debian 4.9.2-10) 
configure:3699: $? = 0
configure:3688: gcc -V >&5
gcc: error: unrecognized command line option '-V'
gcc: fatal error: no input files
compilation terminated.
configure:3699: $? = 4
configure:3688: gcc -qversion >&5
gcc: error: unrecognized command line option '-qversion'
gcc: fatal error: no input files
compilation terminated.
configure:3699: $? = 4
configure:3719: checking whether the C compiler works
configure:3741: gcc    conftest.c  >&5
configure:3745: $? = 0
configure:3793: result: yes
configure:3796: checking for C compiler default output file name
configure:3798: result: a.out
configure:3804: checking for suffix of executables
configure:3811: gcc -o conftest    conftest.c  >&5
configure:3815: $? = 0
configure:3837: result: 
configure:3859: checking whether we are cross compiling
configure:3867: gcc -o conftest    conftest.c  >&5
configure:3871: $? = 0
configure:3878: ./conftest
configure:3882: $? = 0
configure:3897: result: no
configure:3902: checking for suffix of object files
configure:3924: gcc -c   conftest.c >&5
configure:3928: $? = 0
configure:3949: result: o
configure:3953: checking whether we are using the GNU C compiler
configure:3972: gcc -c   conftest.c >&5
configure:3972: $? = 0
configure:3981: result: yes
configure:3990: checking whether gcc accepts -g
configure:4010: gcc -c -g  conftest.c >&5
configure:4010: $? = 0
configure:4051: result: yes
configure:4068: checking for gcc option to accept ISO C89
configure:4131: gcc  -c -g -O2  conftest.c >&5
configure:4131: $? = 0
configure:4144: result: none needed
configure:4169: checking whether gcc understands -c and -o together
configure:4191: gcc -c conftest.c -o conftest2.o
configure:4194: $? = 0
configure:4191: gcc -c conftest.c -o conftest2.o
configure:4194: $? = 0
configure:4206: result: yes
configure:4234: checking for style of include used by make
configure:4262: result: GNU
configure:4288: checking dependency style of gcc
configure:4399: result: gcc3
configure:4420: checking how to run the C preprocessor
configure:4451: gcc -E  conftest.c
configure:4451: $? = 0
configure:4465: gcc -E  conftest.c
conftest.c:11:28: fatal error: ac_nonexistent.h: No such file or directory
 #include <ac_nonexistent.h>
                            ^
compilation terminated.
configure:4465: $? = 1
configure: failed program was:
| /* confdefs.h */
| #define PACKAGE_NAME "libgpg-error"
| #define PACKAGE_TARNAME "libgpg-error"
| #define PACKAGE_VERSION "1.21"
| #define PACKAGE_STRING "libgpg-error 1.21"
| #define PACKAGE_BUGREPORT "http://bugs.gnupg.org"
| #define PACKAGE_URL ""
| #define PACKAGE "libgpg-error"
| #define VERSION "1.21"
| /* end confdefs.h.  */
| #include <ac_nonexistent.h>
configure:4490: result: gcc -E
configure:4510: gcc -E  conftest.c
configure:4510: $? = 0
configure:4524: gcc -E  conftest.c
conftest.c:11:28: fatal error: ac_nonexistent.h: No such file or directory
 #include <ac_nonexistent.h>
                            ^
compilation terminated.
configure:4524: $? = 1
configure: failed program was:
| /* confdefs.h */
| #define PACKAGE_NAME "libgpg-error"
| #define PACKAGE_TARNAME "libgpg-error"
| #define PACKAGE_VERSION "1.21"
| #define PACKAGE_STRING "libgpg-error 1.21"
| #define PACKAGE_BUGREPORT "http://bugs.gnupg.org"
| #define PACKAGE_URL ""
| #define PACKAGE "libgpg-error"
| #define VERSION "1.21"
| /* end confdefs.h.  */
| #include <ac_nonexistent.h>
configure:4556: checking for gawk
configure:4583: result: mawk
configure:4637: checking for ar
configure:4653: found /usr/bin/ar
configure:4664: result: ar
configure:4688: checking for grep that handles long lines and -e
configure:4746: result: /bin/grep
configure:4751: checking for egrep
configure:4813: result: /bin/grep -E
configure:4818: checking for ANSI C header files
configure:4838: gcc -c -g -O2  conftest.c >&5
configure:4838: $? = 0
configure:4911: gcc -o conftest -g -O2   conftest.c  >&5
configure:4911: $? = 0
configure:4911: ./conftest
configure:4911: $? = 0
configure:4922: result: yes
configure:4935: checking for sys/types.h
configure:4935: gcc -c -g -O2  conftest.c >&5
configure:4935: $? = 0
configure:4935: result: yes
configure:4935: checking for sys/stat.h
configure:4935: gcc -c -g -O2  conftest.c >&5
configure:4935: $? = 0
configure:4935: result: yes
configure:4935: checking for stdlib.h
configure:4935: gcc -c -g -O2  conftest.c >&5
configure:4935: $? = 0
configure:4935: result: yes
configure:4935: checking for string.h
configure:4935: gcc -c -g -O2  conftest.c >&5
configure:4935: $? = 0
configure:4935: result: yes
configure:4935: checking for memory.h
configure:4935: gcc -c -g -O2  conftest.c >&5
configure:4935: $? = 0
configure:4935: result: yes
configure:4935: checking for strings.h
configure:4935: gcc -c -g -O2  conftest.c >&5
configure:4935: $? = 0
configure:4935: result: yes
configure:4935: checking for inttypes.h
configure:4935: gcc -c -g -O2  conftest.c >&5
configure:4935: $? = 0
configure:4935: result: yes
configure:4935: checking for stdint.h
configure:4935: gcc -c -g -O2  conftest.c >&5
configure:4935: $? = 0
configure:4935: result: yes
configure:4935: checking for unistd.h
configure:4935: gcc -c -g -O2  conftest.c >&5
configure:4935: $? = 0
configure:4935: result: yes
configure:4948: checking minix/config.h usability
configure:4948: gcc -c -g -O2  conftest.c >&5
conftest.c:54:26: fatal error: minix/config.h: No such file or directory
 #include <minix/config.h>
                          ^
compilation terminated.
configure:4948: $? = 1
configure: failed program was:
| /* confdefs.h */
| #define PACKAGE_NAME "libgpg-error"
| #define PACKAGE_TARNAME "libgpg-error"
| #define PACKAGE_VERSION "1.21"
| #define PACKAGE_STRING "libgpg-error 1.21"
| #define PACKAGE_BUGREPORT "http://bugs.gnupg.org"
| #define PACKAGE_URL ""
| #define PACKAGE "libgpg-error"
| #define VERSION "1.21"
| #define STDC_HEADERS 1
| #define HAVE_SYS_TYPES_H 1
| #define HAVE_SYS_STAT_H 1
| #define HAVE_STDLIB_H 1
| #define HAVE_STRING_H 1
| #define HAVE_MEMORY_H 1
| #define HAVE_STRINGS_H 1
| #define HAVE_INTTYPES_H 1
| #define HAVE_STDINT_H 1
| #define HAVE_UNISTD_H 1
| /* end confdefs.h.  */
| #include <stdio.h>
| #ifdef HAVE_SYS_TYPES_H
| # include <sys/types.h>
| #endif
| #ifdef HAVE_SYS_STAT_H
| # include <sys/stat.h>
| #endif
| #ifdef STDC_HEADERS
| # include <stdlib.h>
| # include <stddef.h>
| #else
| # ifdef HAVE_STDLIB_H
| #  include <stdlib.h>
| # endif
| #endif
| #ifdef HAVE_STRING_H
| # if !defined STDC_HEADERS && defined HAVE_MEMORY_H
| #  include <memory.h>
| # endif
| # include <string.h>
| #endif
| #ifdef HAVE_STRINGS_H
| # include <strings.h>
| #endif
| #ifdef HAVE_INTTYPES_H
| # include <inttypes.h>
| #endif
| #ifdef HAVE_STDINT_H
| # include <stdint.h>
| #endif
| #ifdef HAVE_UNISTD_H
| # include <unistd.h>
| #endif
| #include <minix/config.h>
configure:4948: result: no
configure:4948: checking minix/config.h presence
configure:4948: gcc -E  conftest.c
conftest.c:21:26: fatal error: minix/config.h: No such file or directory
 #include <minix/config.h>
                          ^
compilation terminated.
configure:4948: $? = 1
configure: failed program was:
| /* confdefs.h */
| #define PACKAGE_NAME "libgpg-error"
| #define PACKAGE_TARNAME "libgpg-error"
| #define PACKAGE_VERSION "1.21"
| #define PACKAGE_STRING "libgpg-error 1.21"
| #define PACKAGE_BUGREPORT "http://bugs.gnupg.org"
| #define PACKAGE_URL ""
| #define PACKAGE "libgpg-error"
| #define VERSION "1.21"
| #define STDC_HEADERS 1
| #define HAVE_SYS_TYPES_H 1
| #define HAVE_SYS_STAT_H 1
| #define HAVE_STDLIB_H 1
| #define HAVE_STRING_H 1
| #define HAVE_MEMORY_H 1
| #define HAVE_STRINGS_H 1
| #define HAVE_INTTYPES_H 1
| #define HAVE_STDINT_H 1
| #define HAVE_UNISTD_H 1
| /* end confdefs.h.  */
| #include <minix/config.h>
configure:4948: result: no
configure:4948: checking for minix/config.h
configure:4948: result: no
configure:4969: checking whether it is safe to define __EXTENSIONS__
configure:4987: gcc -c -g -O2  conftest.c >&5
configure:4987: $? = 0
configure:4994: result: yes
configure:5104: checking for special C compiler options needed for large files
configure:5149: result: no
configure:5155: checking for _FILE_OFFSET_BITS value needed for large files
configure:5180: gcc -c -g -O2  conftest.c >&5
configure:5180: $? = 0
configure:5212: result: no
configure:5346: checking how to print strings
configure:5373: result: printf
configure:5394: checking for a sed that does not truncate output
configure:5458: result: /bin/sed
configure:5476: checking for fgrep
configure:5538: result: /bin/grep -F
configure:5573: checking for ld used by gcc
configure:5640: result: /usr/bin/ld
configure:5647: checking if the linker (/usr/bin/ld) is GNU ld
configure:5662: result: yes
configure:5674: checking for BSD- or MS-compatible name lister (nm)
configure:5723: result: /usr/bin/nm -B
configure:5853: checking the name lister (/usr/bin/nm -B) interface
configure:5860: gcc -c -g -O2  conftest.c >&5
configure:5863: /usr/bin/nm -B "conftest.o"
configure:5866: output
0000000000000000 B some_variable
configure:5873: result: BSD nm
configure:5876: checking whether ln -s works
configure:5880: result: yes
configure:5888: checking the maximum length of command line arguments
configure:6018: result: 1572864
configure:6035: checking whether the shell understands some XSI constructs
configure:6045: result: yes
configure:6049: checking whether the shell understands "+="
configure:6055: result: yes
configure:6090: checking how to convert x86_64-unknown-linux-gnu file names to x86_64-unknown-linux-gnu format
configure:6130: result: func_convert_file_noop
configure:6137: checking how to convert x86_64-unknown-linux-gnu file names to toolchain format
configure:6157: result: func_convert_file_noop
configure:6164: checking for /usr/bin/ld option to reload object files
configure:6171: result: -r
configure:6245: checking for objdump
configure:6261: found /usr/bin/objdump
configure:6272: result: objdump
configure:6301: checking how to recognize dependent libraries
configure:6503: result: pass_all
configure:6588: checking for dlltool
configure:6618: result: no
configure:6645: checking how to associate runtime and link libraries
configure:6672: result: printf %s\n
configure:6796: checking for archiver @FILE support
configure:6813: gcc -c -g -O2  conftest.c >&5
configure:6813: $? = 0
configure:6816: ar cru libconftest.a @conftest.lst >&5
configure:6819: $? = 0
configure:6824: ar cru libconftest.a @conftest.lst >&5
ar: conftest.o: No such file or directory
configure:6827: $? = 1
configure:6839: result: @
configure:6897: checking for strip
configure:6913: found /usr/bin/strip
configure:6924: result: strip
configure:6996: checking for ranlib
configure:7012: found /usr/bin/ranlib
configure:7023: result: ranlib
configure:7125: checking command to parse /usr/bin/nm -B output from gcc object
configure:7245: gcc -c -g -O2  conftest.c >&5
configure:7248: $? = 0
configure:7252: /usr/bin/nm -B conftest.o \| sed -n -e 's/^.*[ ]\([ABCDGIRSTW][ABCDGIRSTW]*\)[ ][ ]*\([_A-Za-z][_A-Za-z0-9]*\)$/\1 \2 \2/p' | sed '/ __gnu_lto/d' \> conftest.nm
configure:7255: $? = 0
configure:7321: gcc -o conftest -g -O2   conftest.c conftstm.o >&5
configure:7324: $? = 0
configure:7362: result: ok
configure:7399: checking for sysroot
configure:7429: result: no
configure:7506: gcc -c -g -O2  conftest.c >&5
configure:7509: $? = 0
configure:7691: checking for mt
configure:7707: found /bin/mt
configure:7718: result: mt
configure:7741: checking if mt is a manifest tool
configure:7747: mt '-?'
configure:7755: result: no
configure:8394: checking for dlfcn.h
configure:8394: gcc -c -g -O2  conftest.c >&5
configure:8394: $? = 0
configure:8394: result: yes
configure:8897: checking for objdir
configure:8912: result: .libs
configure:9183: checking if gcc supports -fno-rtti -fno-exceptions
configure:9201: gcc -c -g -O2  -fno-rtti -fno-exceptions conftest.c >&5
cc1: warning: command line option '-fno-rtti' is valid for C++/ObjC++ but not for C
configure:9205: $? = 0
configure:9218: result: no
configure:9545: checking for gcc option to produce PIC
configure:9552: result: -fPIC -DPIC
configure:9560: checking if gcc PIC flag -fPIC -DPIC works
configure:9578: gcc -c -g -O2  -fPIC -DPIC -DPIC conftest.c >&5
configure:9582: $? = 0
configure:9595: result: yes
configure:9624: checking if gcc static flag -static works
configure:9652: result: yes
configure:9667: checking if gcc supports -c -o file.o
configure:9688: gcc -c -g -O2  -o out/conftest2.o conftest.c >&5
configure:9692: $? = 0
configure:9714: result: yes
configure:9722: checking if gcc supports -c -o file.o
configure:9769: result: yes
configure:9802: checking whether the gcc linker (/usr/bin/ld -m elf_x86_64) supports shared libraries
configure:10959: result: yes
configure:10996: checking whether -lc should be explicitly linked in
configure:11004: gcc -c -g -O2  conftest.c >&5
configure:11007: $? = 0
configure:11022: gcc -shared  -fPIC -DPIC conftest.o  -v -Wl,-soname -Wl,conftest -o conftest 2\>\&1 \| /bin/grep  -lc  \>/dev/null 2\>\&1
configure:11025: $? = 0
configure:11039: result: no
configure:11199: checking dynamic linker characteristics
configure:11730: gcc -o conftest -g -O2   -Wl,-rpath -Wl,/foo conftest.c  >&5
configure:11730: $? = 0
configure:11964: result: GNU/Linux ld.so
configure:12071: checking how to hardcode library paths into programs
configure:12096: result: immediate
configure:12636: checking whether stripping libraries is possible
configure:12641: result: yes
configure:12676: checking if libtool supports shared libraries
configure:12678: result: yes
configure:12681: checking whether to build shared libraries
configure:12702: result: yes
configure:12705: checking whether to build static libraries
configure:12709: result: no
configure:12789: checking for windres
configure:12819: result: no
configure:12926: checking for cc for build
configure:12933: result: gcc
configure:12944: checking whether NLS is requested
configure:12953: result: yes
configure:12993: checking for msgfmt
configure:13028: result: no
configure:13034: checking for gmsgfmt
configure:13065: result: :
configure:13115: checking for xgettext
configure:13150: result: no
configure:13192: checking for msgmerge
configure:13226: result: no
configure:13281: checking for ld used by gcc
configure:13348: result: /usr/bin/ld -m elf_x86_64
configure:13355: checking if the linker (/usr/bin/ld -m elf_x86_64) is GNU ld
configure:13370: result: yes
configure:13377: checking for shared library run path origin
configure:13390: result: done
configure:13962: checking for CFPreferencesCopyAppValue
configure:13980: gcc -o conftest -g -O2   conftest.c  -Wl,-framework -Wl,CoreFoundation >&5
conftest.c:28:42: fatal error: CoreFoundation/CFPreferences.h: No such file or directory
 #include <CoreFoundation/CFPreferences.h>
                                          ^
compilation terminated.
configure:13980: $? = 1
configure: failed program was:
| /* confdefs.h */
| #define PACKAGE_NAME "libgpg-error"
| #define PACKAGE_TARNAME "libgpg-error"
| #define PACKAGE_VERSION "1.21"
| #define PACKAGE_STRING "libgpg-error 1.21"
| #define PACKAGE_BUGREPORT "http://bugs.gnupg.org"
| #define PACKAGE_URL ""
| #define PACKAGE "libgpg-error"
| #define VERSION "1.21"
| #define STDC_HEADERS 1
| #define HAVE_SYS_TYPES_H 1
| #define HAVE_SYS_STAT_H 1
| #define HAVE_STDLIB_H 1
| #define HAVE_STRING_H 1
| #define HAVE_MEMORY_H 1
| #define HAVE_STRINGS_H 1
| #define HAVE_INTTYPES_H 1
| #define HAVE_STDINT_H 1
| #define HAVE_UNISTD_H 1
| #define __EXTENSIONS__ 1
| #define _ALL_SOURCE 1
| #define _GNU_SOURCE 1
| #define _POSIX_PTHREAD_SEMANTICS 1
| #define _TANDEM_SOURCE 1
| #define HAVE_DLFCN_H 1
| #define LT_OBJDIR ".libs/"
| /* end confdefs.h.  */
| #include <CoreFoundation/CFPreferences.h>
| int
| main ()
| {
| CFPreferencesCopyAppValue(NULL, NULL)
|   ;
|   return 0;
| }
configure:13989: result: no
configure:13996: checking for CFLocaleCopyCurrent
configure:14014: gcc -o conftest -g -O2   conftest.c  -Wl,-framework -Wl,CoreFoundation >&5
conftest.c:28:37: fatal error: CoreFoundation/CFLocale.h: No such file or directory
 #include <CoreFoundation/CFLocale.h>
                                     ^
compilation terminated.
configure:14014: $? = 1
configure: failed program was:
| /* confdefs.h */
| #define PACKAGE_NAME "libgpg-error"
| #define PACKAGE_TARNAME "libgpg-error"
| #define PACKAGE_VERSION "1.21"
| #define PACKAGE_STRING "libgpg-error 1.21"
| #define PACKAGE_BUGREPORT "http://bugs.gnupg.org"
| #define PACKAGE_URL ""
| #define PACKAGE "libgpg-error"
| #define VERSION "1.21"
| #define STDC_HEADERS 1
| #define HAVE_SYS_TYPES_H 1
| #define HAVE_SYS_STAT_H 1
| #define HAVE_STDLIB_H 1
| #define HAVE_STRING_H 1
| #define HAVE_MEMORY_H 1
| #define HAVE_STRINGS_H 1
| #define HAVE_INTTYPES_H 1
| #define HAVE_STDINT_H 1
| #define HAVE_UNISTD_H 1
| #define __EXTENSIONS__ 1
| #define _ALL_SOURCE 1
| #define _GNU_SOURCE 1
| #define _POSIX_PTHREAD_SEMANTICS 1
| #define _TANDEM_SOURCE 1
| #define HAVE_DLFCN_H 1
| #define LT_OBJDIR ".libs/"
| /* end confdefs.h.  */
| #include <CoreFoundation/CFLocale.h>
| int
| main ()
| {
| CFLocaleCopyCurrent();
|   ;
|   return 0;
| }
configure:14023: result: no
configure:14072: checking for GNU gettext in libc
configure:14096: gcc -o conftest -g -O2   conftest.c  >&5
configure:14096: $? = 0
configure:14105: result: yes
configure:14933: checking whether to use NLS
configure:14935: result: yes
configure:14938: checking where the gettext function comes from
configure:14949: result: libc
configure:15008: checking for ANSI C header files
configure:15112: result: yes
configure:15123: checking for stdlib.h
configure:15123: result: yes
configure:15123: checking locale.h usability
configure:15123: gcc -c -g -O2  conftest.c >&5
configure:15123: $? = 0
configure:15123: result: yes
configure:15123: checking locale.h presence
configure:15123: gcc -E  conftest.c
configure:15123: $? = 0
configure:15123: result: yes
configure:15123: checking for locale.h
configure:15123: result: yes
configure:15123: checking for stdint.h
configure:15123: result: yes
configure:15123: checking sys/select.h usability
configure:15123: gcc -c -g -O2  conftest.c >&5
configure:15123: $? = 0
configure:15123: result: yes
configure:15123: checking sys/select.h presence
configure:15123: gcc -E  conftest.c
configure:15123: $? = 0
configure:15123: result: yes
configure:15123: checking for sys/select.h
configure:15123: result: yes
configure:15123: checking sys/time.h usability
configure:15123: gcc -c -g -O2  conftest.c >&5
configure:15123: $? = 0
configure:15123: result: yes
configure:15123: checking sys/time.h presence
configure:15123: gcc -E  conftest.c
configure:15123: $? = 0
configure:15123: result: yes
configure:15123: checking for sys/time.h
configure:15123: result: yes
configure:15133: checking whether strerror_r is declared
configure:15133: gcc -c -g -O2  conftest.c >&5
configure:15133: $? = 0
configure:15133: result: yes
configure:15146: checking for strerror_r
configure:15146: gcc -o conftest -g -O2   conftest.c  >&5
configure:15146: $? = 0
configure:15146: result: yes
configure:15155: checking whether strerror_r returns char *
configure:15179: gcc -c -g -O2  conftest.c >&5
configure:15179: $? = 0
configure:15217: result: yes
configure:15231: checking for strerror_r
configure:15231: result: yes
configure:15245: checking for flockfile
configure:15245: gcc -o conftest -g -O2   conftest.c  >&5
configure:15245: $? = 0
configure:15245: result: yes
configure:15245: checking for vasprintf
configure:15245: gcc -o conftest -g -O2   conftest.c  >&5
configure:15245: $? = 0
configure:15245: result: yes
configure:15259: checking for an ANSI C-conforming const
configure:15325: gcc -c -g -O2  conftest.c >&5
configure:15325: $? = 0
configure:15332: result: yes
configure:15345: checking size of int
configure:15350: gcc -o conftest -g -O2   conftest.c  >&5
configure:15350: $? = 0
configure:15350: ./conftest
configure:15350: $? = 0
configure:15364: result: 4
configure:15378: checking size of long
configure:15383: gcc -o conftest -g -O2   conftest.c  >&5
configure:15383: $? = 0
configure:15383: ./conftest
configure:15383: $? = 0
configure:15397: result: 8
configure:15411: checking size of long long
configure:15416: gcc -o conftest -g -O2   conftest.c  >&5
configure:15416: $? = 0
configure:15416: ./conftest
configure:15416: $? = 0
configure:15430: result: 8
configure:15468: checking for cc features
configure:15473: checking if gcc ignores unknown -Wno-* options
configure:15489: gcc -c -g -O2  conftest.c >&5
configure:15489: $? = 0
configure:15495: result: yes
configure:15567: checking if gcc supports -Wpointer-arith
configure:15582: gcc -c -Wpointer-arith  conftest.c >&5
configure:15582: $? = 0
configure:15588: result: yes
configure:15607: checking whether the GCC style aligned attribute is supported
configure:15617: gcc -c -g -O2 -Wall -Wpointer-arith -Wno-psabi  conftest.c >&5
configure:15617: $? = 0
configure:15622: result: yes
configure:15633: checking whether the visibility attribute is supported
configure:15656: result: yes
configure:15659: checking for broken visibility attribute
configure:15683: result: no
configure:15687: checking for broken alias attribute
configure:15713: result: no
configure:15717: checking if gcc supports -fvisibility=hidden
configure:15736: gcc -c -fvisibility=hidden  conftest.c >&5
configure:15736: $? = 0
configure:15743: result: yes
configure:15813: checking whether imported symbols can be declared weak
configure:15831: gcc -o conftest -g -O2 -Wall -Wpointer-arith -Wno-psabi -fvisibility=hidden   conftest.c  >&5
configure:15831: $? = 0
configure:15865: gcc -o conftest -g -O2 -Wall -Wpointer-arith -Wno-psabi -fvisibility=hidden   conftest.c  >&5
configure:15865: $? = 0
configure:15865: ./conftest
configure:15865: $? = 0
configure:15877: result: yes
configure:15882: checking pthread.h usability
configure:15882: gcc -c -g -O2 -Wall -Wpointer-arith -Wno-psabi -fvisibility=hidden  conftest.c >&5
configure:15882: $? = 0
configure:15882: result: yes
configure:15882: checking pthread.h presence
configure:15882: gcc -E  conftest.c
configure:15882: $? = 0
configure:15882: result: yes
configure:15882: checking for pthread.h
configure:15882: result: yes
configure:15910: gcc -o conftest -g -O2 -Wall -Wpointer-arith -Wno-psabi -fvisibility=hidden   conftest.c  >&5
conftest.c: In function 'main':
conftest.c:52:1: warning: null argument where non-null required (argument 1) [-Wnonnull]
 pthread_mutex_lock((pthread_mutex_t*)0);
 ^
conftest.c:53:16: warning: null argument where non-null required (argument 1) [-Wnonnull]
                pthread_mutexattr_init((pthread_mutexattr_t*)0);
                ^
/tmp/ccjlJM6B.o: In function `main':
/cdc/home/cklos/gpg_lattice_extension/libgpg-error-1.21/conftest.c:53: undefined reference to `pthread_mutexattr_init'
collect2: error: ld returned 1 exit status
configure:15910: $? = 1
configure: failed program was:
| /* confdefs.h */
| #define PACKAGE_NAME "libgpg-error"
| #define PACKAGE_TARNAME "libgpg-error"
| #define PACKAGE_VERSION "1.21"
| #define PACKAGE_STRING "libgpg-error 1.21"
| #define PACKAGE_BUGREPORT "http://bugs.gnupg.org"
| #define PACKAGE_URL ""
| #define PACKAGE "libgpg-error"
| #define VERSION "1.21"
| #define STDC_HEADERS 1
| #define HAVE_SYS_TYPES_H 1
| #define HAVE_SYS_STAT_H 1
| #define HAVE_STDLIB_H 1
| #define HAVE_STRING_H 1
| #define HAVE_MEMORY_H 1
| #define HAVE_STRINGS_H 1
| #define HAVE_INTTYPES_H 1
| #define HAVE_STDINT_H 1
| #define HAVE_UNISTD_H 1
| #define __EXTENSIONS__ 1
| #define _ALL_SOURCE 1
| #define _GNU_SOURCE 1
| #define _POSIX_PTHREAD_SEMANTICS 1
| #define _TANDEM_SOURCE 1
| #define HAVE_DLFCN_H 1
| #define LT_OBJDIR ".libs/"
| #define ENABLE_NLS 1
| #define HAVE_GETTEXT 1
| #define HAVE_DCGETTEXT 1
| #define STDC_HEADERS 1
| #define HAVE_STDLIB_H 1
| #define HAVE_LOCALE_H 1
| #define HAVE_STDINT_H 1
| #define HAVE_SYS_SELECT_H 1
| #define HAVE_SYS_TIME_H 1
| #define HAVE_DECL_STRERROR_R 1
| #define HAVE_STRERROR_R 1
| #define STRERROR_R_CHAR_P 1
| #define HAVE_FLOCKFILE 1
| #define HAVE_VASPRINTF 1
| #define SIZEOF_INT 4
| #define SIZEOF_LONG 8
| #define SIZEOF_LONG_LONG 8
| #define REPLACEMENT_FOR_OFF_T "long"
| #define HAVE_GCC_ATTRIBUTE_ALIGNED 1
| #define GPGRT_USE_VISIBILITY 1
| /* end confdefs.h.  */
| #include <pthread.h>
| int
| main ()
| {
| pthread_mutex_lock((pthread_mutex_t*)0);
|                pthread_mutexattr_init((pthread_mutexattr_t*)0);
|   ;
|   return 0;
| }
configure:15973: checking for pthread_kill in -lpthread
configure:15998: gcc -o conftest -g -O2 -Wall -Wpointer-arith -Wno-psabi -fvisibility=hidden   conftest.c -lpthread   >&5
configure:15998: $? = 0
configure:16007: result: yes
configure:16139: checking for multithread API to use
configure:16141: result: posix
configure:16157: checking for pthread_rwlock_t
configure:16157: gcc -c -g -O2 -Wall -Wpointer-arith -Wno-psabi -fvisibility=hidden  conftest.c >&5
configure:16157: $? = 0
configure:16157: gcc -c -g -O2 -Wall -Wpointer-arith -Wno-psabi -fvisibility=hidden  conftest.c >&5
conftest.c: In function 'main':
conftest.c:55:31: error: expected expression before ')' token
 if (sizeof ((pthread_rwlock_t)))
                               ^
configure:16157: $? = 1
configure: failed program was:
| /* confdefs.h */
| #define PACKAGE_NAME "libgpg-error"
| #define PACKAGE_TARNAME "libgpg-error"
| #define PACKAGE_VERSION "1.21"
| #define PACKAGE_STRING "libgpg-error 1.21"
| #define PACKAGE_BUGREPORT "http://bugs.gnupg.org"
| #define PACKAGE_URL ""
| #define PACKAGE "libgpg-error"
| #define VERSION "1.21"
| #define STDC_HEADERS 1
| #define HAVE_SYS_TYPES_H 1
| #define HAVE_SYS_STAT_H 1
| #define HAVE_STDLIB_H 1
| #define HAVE_STRING_H 1
| #define HAVE_MEMORY_H 1
| #define HAVE_STRINGS_H 1
| #define HAVE_INTTYPES_H 1
| #define HAVE_STDINT_H 1
| #define HAVE_UNISTD_H 1
| #define __EXTENSIONS__ 1
| #define _ALL_SOURCE 1
| #define _GNU_SOURCE 1
| #define _POSIX_PTHREAD_SEMANTICS 1
| #define _TANDEM_SOURCE 1
| #define HAVE_DLFCN_H 1
| #define LT_OBJDIR ".libs/"
| #define ENABLE_NLS 1
| #define HAVE_GETTEXT 1
| #define HAVE_DCGETTEXT 1
| #define STDC_HEADERS 1
| #define HAVE_STDLIB_H 1
| #define HAVE_LOCALE_H 1
| #define HAVE_STDINT_H 1
| #define HAVE_SYS_SELECT_H 1
| #define HAVE_SYS_TIME_H 1
| #define HAVE_DECL_STRERROR_R 1
| #define HAVE_STRERROR_R 1
| #define STRERROR_R_CHAR_P 1
| #define HAVE_FLOCKFILE 1
| #define HAVE_VASPRINTF 1
| #define SIZEOF_INT 4
| #define SIZEOF_LONG 8
| #define SIZEOF_LONG_LONG 8
| #define REPLACEMENT_FOR_OFF_T "long"
| #define HAVE_GCC_ATTRIBUTE_ALIGNED 1
| #define GPGRT_USE_VISIBILITY 1
| #define USE_POSIX_THREADS 1
| #define USE_POSIX_THREADS_WEAK 1
| /* end confdefs.h.  */
| #include <pthread.h>
| 
| int
| main ()
| {
| if (sizeof ((pthread_rwlock_t)))
| 	    return 0;
|   ;
|   return 0;
| }
configure:16157: result: yes
configure:16188: gcc -c -g -O2 -Wall -Wpointer-arith -Wno-psabi -fvisibility=hidden  conftest.c >&5
configure:16188: $? = 0
configure:16202: checking size of pthread_mutex_t
configure:16207: gcc -o conftest -g -O2 -Wall -Wpointer-arith -Wno-psabi -fvisibility=hidden   conftest.c  >&5
configure:16207: $? = 0
configure:16207: ./conftest
configure:16207: $? = 0
configure:16223: result: 40
configure:16240: checking for unsigned long long int
configure:16279: gcc -o conftest -g -O2 -Wall -Wpointer-arith -Wno-psabi -fvisibility=hidden   conftest.c  >&5
configure:16279: $? = 0
configure:16288: result: yes
configure:16297: checking system features for estream-printf
configure:16301: checking for stdint.h
configure:16301: result: yes
configure:16313: checking for long long int
configure:16351: gcc -o conftest -g -O2 -Wall -Wpointer-arith -Wno-psabi -fvisibility=hidden   conftest.c  >&5
configure:16351: $? = 0
configure:16351: ./conftest
configure:16351: $? = 0
configure:16363: result: yes
configure:16372: checking for long double
configure:16405: result: yes
configure:16415: checking for intmax_t
configure:16415: gcc -c -g -O2 -Wall -Wpointer-arith -Wno-psabi -fvisibility=hidden  conftest.c >&5
configure:16415: $? = 0
configure:16415: gcc -c -g -O2 -Wall -Wpointer-arith -Wno-psabi -fvisibility=hidden  conftest.c >&5
conftest.c: In function 'main':
conftest.c:93:23: error: expected expression before ')' token
 if (sizeof ((intmax_t)))
                       ^
configure:16415: $? = 1
configure: failed program was:
| /* confdefs.h */
| #define PACKAGE_NAME "libgpg-error"
| #define PACKAGE_TARNAME "libgpg-error"
| #define PACKAGE_VERSION "1.21"
| #define PACKAGE_STRING "libgpg-error 1.21"
| #define PACKAGE_BUGREPORT "http://bugs.gnupg.org"
| #define PACKAGE_URL ""
| #define PACKAGE "libgpg-error"
| #define VERSION "1.21"
| #define STDC_HEADERS 1
| #define HAVE_SYS_TYPES_H 1
| #define HAVE_SYS_STAT_H 1
| #define HAVE_STDLIB_H 1
| #define HAVE_STRING_H 1
| #define HAVE_MEMORY_H 1
| #define HAVE_STRINGS_H 1
| #define HAVE_INTTYPES_H 1
| #define HAVE_STDINT_H 1
| #define HAVE_UNISTD_H 1
| #define __EXTENSIONS__ 1
| #define _ALL_SOURCE 1
| #define _GNU_SOURCE 1
| #define _POSIX_PTHREAD_SEMANTICS 1
| #define _TANDEM_SOURCE 1
| #define HAVE_DLFCN_H 1
| #define LT_OBJDIR ".libs/"
| #define ENABLE_NLS 1
| #define HAVE_GETTEXT 1
| #define HAVE_DCGETTEXT 1
| #define STDC_HEADERS 1
| #define HAVE_STDLIB_H 1
| #define HAVE_LOCALE_H 1
| #define HAVE_STDINT_H 1
| #define HAVE_SYS_SELECT_H 1
| #define HAVE_SYS_TIME_H 1
| #define HAVE_DECL_STRERROR_R 1
| #define HAVE_STRERROR_R 1
| #define STRERROR_R_CHAR_P 1
| #define HAVE_FLOCKFILE 1
| #define HAVE_VASPRINTF 1
| #define SIZEOF_INT 4
| #define SIZEOF_LONG 8
| #define SIZEOF_LONG_LONG 8
| #define REPLACEMENT_FOR_OFF_T "long"
| #define HAVE_GCC_ATTRIBUTE_ALIGNED 1
| #define GPGRT_USE_VISIBILITY 1
| #define USE_POSIX_THREADS 1
| #define USE_POSIX_THREADS_WEAK 1
| #define HAVE_PTHREAD_RWLOCK 1
| #define HAVE_PTHREAD_MUTEX_RECURSIVE 1
| #define SIZEOF_PTHREAD_MUTEX_T 40
| #define HAVE_UNSIGNED_LONG_LONG_INT 1
| #define HAVE_STDINT_H 1
| #define HAVE_LONG_LONG_INT 1
| #define HAVE_LONG_DOUBLE 1
| /* end confdefs.h.  */
| #include <stdio.h>
| #ifdef HAVE_SYS_TYPES_H
| # include <sys/types.h>
| #endif
| #ifdef HAVE_SYS_STAT_H
| # include <sys/stat.h>
| #endif
| #ifdef STDC_HEADERS
| # include <stdlib.h>
| # include <stddef.h>
| #else
| # ifdef HAVE_STDLIB_H
| #  include <stdlib.h>
| # endif
| #endif
| #ifdef HAVE_STRING_H
| # if !defined STDC_HEADERS && defined HAVE_MEMORY_H
| #  include <memory.h>
| # endif
| # include <string.h>
| #endif
| #ifdef HAVE_STRINGS_H
| # include <strings.h>
| #endif
| #ifdef HAVE_INTTYPES_H
| # include <inttypes.h>
| #endif
| #ifdef HAVE_STDINT_H
| # include <stdint.h>
| #endif
| #ifdef HAVE_UNISTD_H
| # include <unistd.h>
| #endif
| int
| main ()
| {
| if (sizeof ((intmax_t)))
| 	    return 0;
|   ;
|   return 0;
| }
configure:16415: result: yes
configure:16434: checking for uintmax_t
configure:16434: gcc -c -g -O2 -Wall -Wpointer-arith -Wno-psabi -fvisibility=hidden  conftest.c >&5
configure:16434: $? = 0
configure:16434: gcc -c -g -O2 -Wall -Wpointer-arith -Wno-psabi -fvisibility=hidden  conftest.c >&5
conftest.c: In function 'main':
conftest.c:94:24: error: expected expression before ')' token
 if (sizeof ((uintmax_t)))
                        ^
configure:16434: $? = 1
configure: failed program was:
| /* confdefs.h */
| #define PACKAGE_NAME "libgpg-error"
| #define PACKAGE_TARNAME "libgpg-error"
| #define PACKAGE_VERSION "1.21"
| #define PACKAGE_STRING "libgpg-error 1.21"
| #define PACKAGE_BUGREPORT "http://bugs.gnupg.org"
| #define PACKAGE_URL ""
| #define PACKAGE "libgpg-error"
| #define VERSION "1.21"
| #define STDC_HEADERS 1
| #define HAVE_SYS_TYPES_H 1
| #define HAVE_SYS_STAT_H 1
| #define HAVE_STDLIB_H 1
| #define HAVE_STRING_H 1
| #define HAVE_MEMORY_H 1
| #define HAVE_STRINGS_H 1
| #define HAVE_INTTYPES_H 1
| #define HAVE_STDINT_H 1
| #define HAVE_UNISTD_H 1
| #define __EXTENSIONS__ 1
| #define _ALL_SOURCE 1
| #define _GNU_SOURCE 1
| #define _POSIX_PTHREAD_SEMANTICS 1
| #define _TANDEM_SOURCE 1
| #define HAVE_DLFCN_H 1
| #define LT_OBJDIR ".libs/"
| #define ENABLE_NLS 1
| #define HAVE_GETTEXT 1
| #define HAVE_DCGETTEXT 1
| #define STDC_HEADERS 1
| #define HAVE_STDLIB_H 1
| #define HAVE_LOCALE_H 1
| #define HAVE_STDINT_H 1
| #define HAVE_SYS_SELECT_H 1
| #define HAVE_SYS_TIME_H 1
| #define HAVE_DECL_STRERROR_R 1
| #define HAVE_STRERROR_R 1
| #define STRERROR_R_CHAR_P 1
| #define HAVE_FLOCKFILE 1
| #define HAVE_VASPRINTF 1
| #define SIZEOF_INT 4
| #define SIZEOF_LONG 8
| #define SIZEOF_LONG_LONG 8
| #define REPLACEMENT_FOR_OFF_T "long"
| #define HAVE_GCC_ATTRIBUTE_ALIGNED 1
| #define GPGRT_USE_VISIBILITY 1
| #define USE_POSIX_THREADS 1
| #define USE_POSIX_THREADS_WEAK 1
| #define HAVE_PTHREAD_RWLOCK 1
| #define HAVE_PTHREAD_MUTEX_RECURSIVE 1
| #define SIZEOF_PTHREAD_MUTEX_T 40
| #define HAVE_UNSIGNED_LONG_LONG_INT 1
| #define HAVE_STDINT_H 1
| #define HAVE_LONG_LONG_INT 1
| #define HAVE_LONG_DOUBLE 1
| #define HAVE_INTMAX_T 1
| /* end confdefs.h.  */
| #include <stdio.h>
| #ifdef HAVE_SYS_TYPES_H
| # include <sys/types.h>
| #endif
| #ifdef HAVE_SYS_STAT_H
| # include <sys/stat.h>
| #endif
| #ifdef STDC_HEADERS
| # include <stdlib.h>
| # include <stddef.h>
| #else
| # ifdef HAVE_STDLIB_H
| #  include <stdlib.h>
| # endif
| #endif
| #ifdef HAVE_STRING_H
| # if !defined STDC_HEADERS && defined HAVE_MEMORY_H
| #  include <memory.h>
| # endif
| # include <string.h>
| #endif
| #ifdef HAVE_STRINGS_H
| # include <strings.h>
| #endif
| #ifdef HAVE_INTTYPES_H
| # include <inttypes.h>
| #endif
| #ifdef HAVE_STDINT_H
| # include <stdint.h>
| #endif
| #ifdef HAVE_UNISTD_H
| # include <unistd.h>
| #endif
| int
| main ()
| {
| if (sizeof ((uintmax_t)))
| 	    return 0;
|   ;
|   return 0;
| }
configure:16434: result: yes
configure:16451: checking for ptrdiff_t
configure:16451: gcc -c -g -O2 -Wall -Wpointer-arith -Wno-psabi -fvisibility=hidden  conftest.c >&5
configure:16451: $? = 0
configure:16451: gcc -c -g -O2 -Wall -Wpointer-arith -Wno-psabi -fvisibility=hidden  conftest.c >&5
conftest.c: In function 'main':
conftest.c:95:24: error: expected expression before ')' token
 if (sizeof ((ptrdiff_t)))
                        ^
configure:16451: $? = 1
configure: failed program was:
| /* confdefs.h */
| #define PACKAGE_NAME "libgpg-error"
| #define PACKAGE_TARNAME "libgpg-error"
| #define PACKAGE_VERSION "1.21"
| #define PACKAGE_STRING "libgpg-error 1.21"
| #define PACKAGE_BUGREPORT "http://bugs.gnupg.org"
| #define PACKAGE_URL ""
| #define PACKAGE "libgpg-error"
| #define VERSION "1.21"
| #define STDC_HEADERS 1
| #define HAVE_SYS_TYPES_H 1
| #define HAVE_SYS_STAT_H 1
| #define HAVE_STDLIB_H 1
| #define HAVE_STRING_H 1
| #define HAVE_MEMORY_H 1
| #define HAVE_STRINGS_H 1
| #define HAVE_INTTYPES_H 1
| #define HAVE_STDINT_H 1
| #define HAVE_UNISTD_H 1
| #define __EXTENSIONS__ 1
| #define _ALL_SOURCE 1
| #define _GNU_SOURCE 1
| #define _POSIX_PTHREAD_SEMANTICS 1
| #define _TANDEM_SOURCE 1
| #define HAVE_DLFCN_H 1
| #define LT_OBJDIR ".libs/"
| #define ENABLE_NLS 1
| #define HAVE_GETTEXT 1
| #define HAVE_DCGETTEXT 1
| #define STDC_HEADERS 1
| #define HAVE_STDLIB_H 1
| #define HAVE_LOCALE_H 1
| #define HAVE_STDINT_H 1
| #define HAVE_SYS_SELECT_H 1
| #define HAVE_SYS_TIME_H 1
| #define HAVE_DECL_STRERROR_R 1
| #define HAVE_STRERROR_R 1
| #define STRERROR_R_CHAR_P 1
| #define HAVE_FLOCKFILE 1
| #define HAVE_VASPRINTF 1
| #define SIZEOF_INT 4
| #define SIZEOF_LONG 8
| #define SIZEOF_LONG_LONG 8
| #define REPLACEMENT_FOR_OFF_T "long"
| #define HAVE_GCC_ATTRIBUTE_ALIGNED 1
| #define GPGRT_USE_VISIBILITY 1
| #define USE_POSIX_THREADS 1
| #define USE_POSIX_THREADS_WEAK 1
| #define HAVE_PTHREAD_RWLOCK 1
| #define HAVE_PTHREAD_MUTEX_RECURSIVE 1
| #define SIZEOF_PTHREAD_MUTEX_T 40
| #define HAVE_UNSIGNED_LONG_LONG_INT 1
| #define HAVE_STDINT_H 1
| #define HAVE_LONG_LONG_INT 1
| #define HAVE_LONG_DOUBLE 1
| #define HAVE_INTMAX_T 1
| #define HAVE_UINTMAX_T 1
| /* end confdefs.h.  */
| #include <stdio.h>
| #ifdef HAVE_SYS_TYPES_H
| # include <sys/types.h>
| #endif
| #ifdef HAVE_SYS_STAT_H
| # include <sys/stat.h>
| #endif
| #ifdef STDC_HEADERS
| # include <stdlib.h>
| # include <stddef.h>
| #else
| # ifdef HAVE_STDLIB_H
| #  include <stdlib.h>
| # endif
| #endif
| #ifdef HAVE_STRING_H
| # if !defined STDC_HEADERS && defined HAVE_MEMORY_H
| #  include <memory.h>
| # endif
| # include <string.h>
| #endif
| #ifdef HAVE_STRINGS_H
| # include <strings.h>
| #endif
| #ifdef HAVE_INTTYPES_H
| # include <inttypes.h>
| #endif
| #ifdef HAVE_STDINT_H
| # include <stdint.h>
| #endif
| #ifdef HAVE_UNISTD_H
| # include <unistd.h>
| #endif
| int
| main ()
| {
| if (sizeof ((ptrdiff_t)))
| 	    return 0;
|   ;
|   return 0;
| }
configure:16451: result: yes
configure:16465: checking size of unsigned long
configure:16470: gcc -o conftest -g -O2 -Wall -Wpointer-arith -Wno-psabi -fvisibility=hidden   conftest.c  >&5
configure:16470: $? = 0
configure:16470: ./conftest
configure:16470: $? = 0
configure:16484: result: 8
configure:16498: checking size of void *
configure:16503: gcc -o conftest -g -O2 -Wall -Wpointer-arith -Wno-psabi -fvisibility=hidden   conftest.c  >&5
configure:16503: $? = 0
configure:16503: ./conftest
configure:16503: $? = 0
configure:16517: result: 8
configure:16527: checking for nl_langinfo and THOUSANDS_SEP
configure:16543: gcc -o conftest -g -O2 -Wall -Wpointer-arith -Wno-psabi -fvisibility=hidden   conftest.c  >&5
configure:16543: $? = 0
configure:16552: result: yes
configure:16562: checking system features for estream
configure:16566: checking for memrchr
configure:16566: gcc -o conftest -g -O2 -Wall -Wpointer-arith -Wno-psabi -fvisibility=hidden   conftest.c  >&5
configure:16566: $? = 0
configure:16566: result: yes
configure:16872: checking that generated files are newer than configure
configure:16878: result: done
configure:16937: creating ./config.status

## ---------------------- ##
## Running config.status. ##
## ---------------------- ##

This file was extended by libgpg-error config.status 1.21, which was
generated by GNU Autoconf 2.69.  Invocation command line was

  CONFIG_FILES    = 
  CONFIG_HEADERS  = 
  CONFIG_LINKS    = 
  CONFIG_COMMANDS = 
  $ ./config.status 

on latticebench

config.status:1245: creating Makefile
config.status:1245: creating doc/Makefile
config.status:1245: creating po/Makefile.in
config.status:1245: creating m4/Makefile
config.status:1245: creating src/Makefile
config.status:1245: creating tests/Makefile
config.status:1245: creating lang/Makefile
config.status:1245: creating lang/cl/Makefile
config.status:1245: creating lang/cl/gpg-error.asd
config.status:1245: creating src/versioninfo.rc
config.status:1245: creating src/gpg-error.w32-manifest
config.status:1245: creating src/gpg-error-config
config.status:1245: creating config.h
config.status:1474: executing depfiles commands
config.status:1474: executing libtool commands
config.status:1474: executing po-directories commands

## ---------------- ##
## Cache variables. ##
## ---------------- ##

ac_cv_build=x86_64-unknown-linux-gnu
ac_cv_c_compiler_gnu=yes
ac_cv_c_const=yes
ac_cv_env_CC_FOR_BUILD_set=
ac_cv_env_CC_FOR_BUILD_value=
ac_cv_env_CC_set=
ac_cv_env_CC_value=
ac_cv_env_CFLAGS_set=
ac_cv_env_CFLAGS_value=
ac_cv_env_CPPFLAGS_set=
ac_cv_env_CPPFLAGS_value=
ac_cv_env_CPP_set=
ac_cv_env_CPP_value=
ac_cv_env_LDFLAGS_set=
ac_cv_env_LDFLAGS_value=
ac_cv_env_LIBS_set=
ac_cv_env_LIBS_value=
ac_cv_env_build_alias_set=
ac_cv_env_build_alias_value=
ac_cv_env_host_alias_set=
ac_cv_env_host_alias_value=
ac_cv_env_target_alias_set=
ac_cv_env_target_alias_value=
ac_cv_func_flockfile=yes
ac_cv_func_memrchr=yes
ac_cv_func_strerror_r=yes
ac_cv_func_strerror_r_char_p=yes
ac_cv_func_vasprintf=yes
ac_cv_have_decl_strerror_r=yes
ac_cv_header_dlfcn_h=yes
ac_cv_header_inttypes_h=yes
ac_cv_header_locale_h=yes
ac_cv_header_memory_h=yes
ac_cv_header_minix_config_h=no
ac_cv_header_pthread_h=yes
ac_cv_header_stdc=yes
ac_cv_header_stdint_h=yes
ac_cv_header_stdlib_h=yes
ac_cv_header_string_h=yes
ac_cv_header_strings_h=yes
ac_cv_header_sys_select_h=yes
ac_cv_header_sys_stat_h=yes
ac_cv_header_sys_time_h=yes
ac_cv_header_sys_types_h=yes
ac_cv_header_unistd_h=yes
ac_cv_host=x86_64-unknown-linux-gnu
ac_cv_lib_pthread_pthread_kill=yes
ac_cv_objext=o
ac_cv_path_EGREP='/bin/grep -E'
ac_cv_path_FGREP='/bin/grep -F'
ac_cv_path_GMSGFMT=:
ac_cv_path_GREP=/bin/grep
ac_cv_path_MSGFMT=:
ac_cv_path_MSGMERGE=:
ac_cv_path_SED=/bin/sed
ac_cv_path_XGETTEXT=:
ac_cv_path_install='/usr/bin/install -c'
ac_cv_path_mkdir=/bin/mkdir
ac_cv_prog_AWK=mawk
ac_cv_prog_CPP='gcc -E'
ac_cv_prog_ac_ct_AR=ar
ac_cv_prog_ac_ct_CC=gcc
ac_cv_prog_ac_ct_MANIFEST_TOOL=mt
ac_cv_prog_ac_ct_OBJDUMP=objdump
ac_cv_prog_ac_ct_RANLIB=ranlib
ac_cv_prog_ac_ct_STRIP=strip
ac_cv_prog_cc_c89=
ac_cv_prog_cc_g=yes
ac_cv_prog_make_make_set=yes
ac_cv_safe_to_define___extensions__=yes
ac_cv_sizeof_int=4
ac_cv_sizeof_long=8
ac_cv_sizeof_long_long=8
ac_cv_sizeof_pthread_mutex_t=40
ac_cv_sizeof_unsigned_long=8
ac_cv_sizeof_void_p=8
ac_cv_sys_file_offset_bits=no
ac_cv_sys_largefile_CC=no
ac_cv_type_intmax_t=yes
ac_cv_type_long_double=yes
ac_cv_type_long_long_int=yes
ac_cv_type_pthread_rwlock_t=yes
ac_cv_type_ptrdiff_t=yes
ac_cv_type_uintmax_t=yes
ac_cv_type_unsigned_long_long_int=yes
acl_cv_hardcode_direct=no
acl_cv_hardcode_libdir_flag_spec='${wl}-rpath ${wl}$libdir'
acl_cv_hardcode_libdir_separator=
acl_cv_hardcode_minus_L=no
acl_cv_libext=a
acl_cv_libname_spec='lib$name'
acl_cv_library_names_spec='$libname$shrext'
acl_cv_path_LD='/usr/bin/ld -m elf_x86_64'
acl_cv_prog_gnu_ld=yes
acl_cv_rpath=done
acl_cv_shlibext=so
acl_cv_wl=-Wl,
am_cv_CC_dependencies_compiler_type=gcc3
am_cv_make_support_nested_variables=yes
am_cv_prog_cc_c_o=yes
estream_cv_langinfo_thousands_sep=yes
gcry_cv_broken_alias_attribute=no
gcry_cv_broken_visibility_attribute=no
gcry_cv_gcc_attribute_aligned=yes
gcry_cv_gcc_has_f_visibility=yes
gcry_cv_visibility_attribute=yes
gl_cv_have_weak=yes
gt_cv_func_CFLocaleCopyCurrent=no
gt_cv_func_CFPreferencesCopyAppValue=no
gt_cv_func_gnugettext1_libc=yes
lt_cv_ar_at_file=@
lt_cv_archive_cmds_need_lc=no
lt_cv_deplibs_check_method=pass_all
lt_cv_file_magic_cmd='$MAGIC_CMD'
lt_cv_file_magic_test_file=
lt_cv_ld_reload_flag=-r
lt_cv_nm_interface='BSD nm'
lt_cv_objdir=.libs
lt_cv_path_LD=/usr/bin/ld
lt_cv_path_NM='/usr/bin/nm -B'
lt_cv_path_mainfest_tool=no
lt_cv_prog_compiler_c_o=yes
lt_cv_prog_compiler_c_o_RC=yes
lt_cv_prog_compiler_pic='-fPIC -DPIC'
lt_cv_prog_compiler_pic_works=yes
lt_cv_prog_compiler_rtti_exceptions=no
lt_cv_prog_compiler_static_works=yes
lt_cv_prog_gnu_ld=yes
lt_cv_sharedlib_from_linklib_cmd='printf %s\n'
lt_cv_shlibpath_overrides_runpath=no
lt_cv_sys_global_symbol_pipe='sed -n -e '\''s/^.*[	 ]\([ABCDGIRSTW][ABCDGIRSTW]*\)[	 ][	 ]*\([_A-Za-z][_A-Za-z0-9]*\)$/\1 \2 \2/p'\'' | sed '\''/ __gnu_lto/d'\'''
lt_cv_sys_global_symbol_to_c_name_address='sed -n -e '\''s/^: \([^ ]*\)[ ]*$/  {\"\1\", (void *) 0},/p'\'' -e '\''s/^[ABCDGIRSTW]* \([^ ]*\) \([^ ]*\)$/  {"\2", (void *) \&\2},/p'\'''
lt_cv_sys_global_symbol_to_c_name_address_lib_prefix='sed -n -e '\''s/^: \([^ ]*\)[ ]*$/  {\"\1\", (void *) 0},/p'\'' -e '\''s/^[ABCDGIRSTW]* \([^ ]*\) \(lib[^ ]*\)$/  {"\2", (void *) \&\2},/p'\'' -e '\''s/^[ABCDGIRSTW]* \([^ ]*\) \([^ ]*\)$/  {"lib\2", (void *) \&\2},/p'\'''
lt_cv_sys_global_symbol_to_cdecl='sed -n -e '\''s/^T .* \(.*\)$/extern int \1();/p'\'' -e '\''s/^[ABCDGIRSTW]* .* \(.*\)$/extern char \1;/p'\'''
lt_cv_sys_max_cmd_len=1572864
lt_cv_to_host_file_cmd=func_convert_file_noop
lt_cv_to_tool_file_cmd=func_convert_file_noop

## ----------------- ##
## Output variables. ##
## ----------------- ##

ACLOCAL='${SHELL} /cdc/home/cklos/gpg_lattice_extension/libgpg-error-1.21/build-aux/missing aclocal-1.14'
AMDEPBACKSLASH='\'
AMDEP_FALSE='#'
AMDEP_TRUE=''
AMTAR='$${TAR-tar}'
AM_BACKSLASH='\'
AM_DEFAULT_V='$(AM_DEFAULT_VERBOSITY)'
AM_DEFAULT_VERBOSITY='1'
AM_V='$(V)'
AR='ar'
AS='as'
AUTOCONF='${SHELL} /cdc/home/cklos/gpg_lattice_extension/libgpg-error-1.21/build-aux/missing autoconf'
AUTOHEADER='${SHELL} /cdc/home/cklos/gpg_lattice_extension/libgpg-error-1.21/build-aux/missing autoheader'
AUTOMAKE='${SHELL} /cdc/home/cklos/gpg_lattice_extension/libgpg-error-1.21/build-aux/missing automake-1.14'
AWK='mawk'
BUILD_DOC_FALSE='#'
BUILD_DOC_TRUE=''
BUILD_FILEVERSION='1,21,0,16987'
BUILD_REVISION='425b768'
BUILD_TIMESTAMP='<none>'
BUILD_VERSION='1.21.0.16987'
CC='gcc'
CCDEPMODE='depmode=gcc3'
CC_FOR_BUILD='gcc'
CFLAGS='-g -O2 -Wall -Wpointer-arith -Wno-psabi -fvisibility=hidden'
CPP='gcc -E'
CPPFLAGS=''
CROSS_COMPILING_FALSE=''
CROSS_COMPILING_TRUE='#'
CYGPATH_W='echo'
DEFS='-DHAVE_CONFIG_H'
DEPDIR='.deps'
DLLTOOL='false'
DSYMUTIL=''
DUMPBIN=''
ECHO_C=''
ECHO_N='-n'
ECHO_T=''
EGREP='/bin/grep -E'
EXEEXT=''
FGREP='/bin/grep -F'
FORCE_USE_SYSCFG_FALSE=''
FORCE_USE_SYSCFG_TRUE='#'
GETTEXT_MACRO_VERSION='0.19'
GMSGFMT=':'
GMSGFMT_015=':'
GPG_ERROR_CONFIG_CFLAGS=''
GPG_ERROR_CONFIG_HOST='x86_64-unknown-linux-gnu'
GPG_ERROR_CONFIG_ISUBDIRAFTER=''
GPG_ERROR_CONFIG_LIBS='-lgpg-error'
GPG_ERROR_CONFIG_MT_CFLAGS=''
GPG_ERROR_CONFIG_MT_LIBS='-lpthread'
GREP='/bin/grep'
HAVE_LD_VERSION_SCRIPT_FALSE='#'
HAVE_LD_VERSION_SCRIPT_TRUE=''
HAVE_W32CE_SYSTEM_FALSE=''
HAVE_W32CE_SYSTEM_TRUE='#'
HAVE_W32_SYSTEM_FALSE=''
HAVE_W32_SYSTEM_TRUE='#'
HAVE_W64_SYSTEM_FALSE=''
HAVE_W64_SYSTEM_TRUE='#'
INSTALL_DATA='${INSTALL} -m 644'
INSTALL_PROGRAM='${INSTALL}'
INSTALL_SCRIPT='${INSTALL}'
INSTALL_STRIP_PROGRAM='$(install_sh) -c -s'
INTLLIBS=''
INTL_MACOSX_LIBS=''
LANGUAGES_SOME_FALSE='#'
LANGUAGES_SOME_TRUE=''
LD='/usr/bin/ld -m elf_x86_64'
LDFLAGS=''
LIBGPG_ERROR_LT_AGE='17'
LIBGPG_ERROR_LT_CURRENT='17'
LIBGPG_ERROR_LT_REVISION='0'
LIBICONV='-liconv'
LIBINTL=''
LIBMULTITHREAD='-lpthread'
LIBOBJS=''
LIBS=''
LIBTHREAD=''
LIBTOOL='$(SHELL) $(top_builddir)/libtool'
LIPO=''
LN_S='ln -s'
LTLIBICONV='-liconv'
LTLIBINTL=''
LTLIBMULTITHREAD='-lpthread'
LTLIBOBJS=''
LTLIBTHREAD=''
MAINT='#'
MAINTAINER_MODE_FALSE=''
MAINTAINER_MODE_TRUE='#'
MAKEINFO='${SHELL} /cdc/home/cklos/gpg_lattice_extension/libgpg-error-1.21/build-aux/missing makeinfo'
MANIFEST_TOOL=':'
MKDIR_P='/bin/mkdir -p'
MSGFMT=':'
MSGFMT_015=':'
MSGMERGE=':'
NM='/usr/bin/nm -B'
NMEDIT=''
OBJDUMP='objdump'
OBJEXT='o'
OTOOL64=''
OTOOL=''
PACKAGE='libgpg-error'
PACKAGE_BUGREPORT='http://bugs.gnupg.org'
PACKAGE_NAME='libgpg-error'
PACKAGE_STRING='libgpg-error 1.21'
PACKAGE_TARNAME='libgpg-error'
PACKAGE_URL=''
PACKAGE_VERSION='1.21'
PATH_SEPARATOR=':'
POSUB='po'
RANLIB='ranlib'
RC=''
SED='/bin/sed'
SET_MAKE=''
SHELL='/bin/bash'
STRIP='strip'
USE_NLS='yes'
VERSION='1.21'
VERSION_NUMBER='0x011500'
XGETTEXT=':'
XGETTEXT_015=':'
XGETTEXT_EXTRA_OPTIONS=''
ac_ct_AR='ar'
ac_ct_CC='gcc'
ac_ct_DUMPBIN=''
am__EXEEXT_FALSE=''
am__EXEEXT_TRUE='#'
am__fastdepCC_FALSE='#'
am__fastdepCC_TRUE=''
am__include='include'
am__isrc=''
am__leading_dot='.'
am__nodep='_no'
am__quote=''
am__tar='$${TAR-tar} chof - "$$tardir"'
am__untar='$${TAR-tar} xf -'
bindir='${exec_prefix}/bin'
build='x86_64-unknown-linux-gnu'
build_alias=''
build_cpu='x86_64'
build_os='linux-gnu'
build_vendor='unknown'
datadir='${datarootdir}'
datarootdir='${prefix}/share'
docdir='${datarootdir}/doc/${PACKAGE_TARNAME}'
dvidir='${docdir}'
exec_prefix='${prefix}'
host='x86_64-unknown-linux-gnu'
host_alias=''
host_cpu='x86_64'
host_os='linux-gnu'
host_vendor='unknown'
htmldir='${docdir}'
includedir='${prefix}/include'
infodir='${datarootdir}/info'
install_sh='${SHELL} /cdc/home/cklos/gpg_lattice_extension/libgpg-error-1.21/build-aux/install-sh'
libdir='${exec_prefix}/lib'
libexecdir='${exec_prefix}/libexec'
localedir='${datarootdir}/locale'
localstatedir='${prefix}/var'
mandir='${datarootdir}/man'
mkdir_p='$(MKDIR_P)'
oldincludedir='/usr/include'
pdfdir='${docdir}'
prefix='/cdc/home/cklos/gpg_lattice_extension/gpg2lattice'
program_transform_name='s,x,x,'
psdir='${docdir}'
sbindir='${exec_prefix}/sbin'
sharedstatedir='${prefix}/com'
sysconfdir='${prefix}/etc'
target_alias=''

## ----------- ##
## confdefs.h. ##
## ----------- ##

/* confdefs.h */
#define PACKAGE_NAME "libgpg-error"
#define PACKAGE_TARNAME "libgpg-error"
#define PACKAGE_VERSION "1.21"
#define PACKAGE_STRING "libgpg-error 1.21"
#define PACKAGE_BUGREPORT "http://bugs.gnupg.org"
#define PACKAGE_URL ""
#define PACKAGE "libgpg-error"
#define VERSION "1.21"
#define STDC_HEADERS 1
#define HAVE_SYS_TYPES_H 1
#define HAVE_SYS_STAT_H 1
#define HAVE_STDLIB_H 1
#define HAVE_STRING_H 1
#define HAVE_MEMORY_H 1
#define HAVE_STRINGS_H 1
#define HAVE_INTTYPES_H 1
#define HAVE_STDINT_H 1
#define HAVE_UNISTD_H 1
#define __EXTENSIONS__ 1
#define _ALL_SOURCE 1
#define _GNU_SOURCE 1
#define _POSIX_PTHREAD_SEMANTICS 1
#define _TANDEM_SOURCE 1
#define HAVE_DLFCN_H 1
#define LT_OBJDIR ".libs/"
#define ENABLE_NLS 1
#define HAVE_GETTEXT 1
#define HAVE_DCGETTEXT 1
#define STDC_HEADERS 1
#define HAVE_STDLIB_H 1
#define HAVE_LOCALE_H 1
#define HAVE_STDINT_H 1
#define HAVE_SYS_SELECT_H 1
#define HAVE_SYS_TIME_H 1
#define HAVE_DECL_STRERROR_R 1
#define HAVE_STRERROR_R 1
#define STRERROR_R_CHAR_P 1
#define HAVE_FLOCKFILE 1
#define HAVE_VASPRINTF 1
#define SIZEOF_INT 4
#define SIZEOF_LONG 8
#define SIZEOF_LONG_LONG 8
#define REPLACEMENT_FOR_OFF_T "long"
#define HAVE_GCC_ATTRIBUTE_ALIGNED 1
#define GPGRT_USE_VISIBILITY 1
#define USE_POSIX_THREADS 1
#define USE_POSIX_THREADS_WEAK 1
#define HAVE_PTHREAD_RWLOCK 1
#define HAVE_PTHREAD_MUTEX_RECURSIVE 1
#define SIZEOF_PTHREAD_MUTEX_T 40
#define HAVE_UNSIGNED_LONG_LONG_INT 1
#define HAVE_STDINT_H 1
#define HAVE_LONG_LONG_INT 1
#define HAVE_LONG_DOUBLE 1
#define HAVE_INTMAX_T 1
#define HAVE_UINTMAX_T 1
#define HAVE_PTRDIFF_T 1
#define SIZEOF_UNSIGNED_LONG 8
#define SIZEOF_VOID_P 8
#define HAVE_LANGINFO_THOUSANDS_SEP 1
#define HAVE_MEMRCHR 1
#define HOST_TRIPLET_STRING "x86_64-unknown-linux-gnu"
#define BUILD_REVISION "425b768"
#define BUILD_TIMESTAMP "<none>"

configure: exit 0
